<?xml version="1.0" encoding="UTF-8"?>
<testsuite xmlns:xsi="http://www.w3.org/2001/XMLSchema-instance" xsi:schemaLocation="https://maven.apache.org/surefire/maven-surefire-plugin/xsd/surefire-test-report.xsd" name="TestSuite" time="2.092" tests="2" errors="0" skipped="0" failures="1">
  <properties>
[...]
</properties>
  <testcase name="testcase1" classname="com.nagarro.test.TestCaseClass" time="1.67">
    <failure message="expected [23] but found [12]" type="java.lang.AssertionError">java.lang.AssertionError: expected [23] but found [12]
	at com.nagarro.test.TestCaseClass.testcase1(TestCaseClass.java:34)
</failure>
    <system-out><![CDATA[[TestNGContentHandler] [WARN] It is strongly recommended to add "<!DOCTYPE suite SYSTEM "http://testng.org/testng-1.0.dtd" >" at the top of your file, otherwise TestNG may fail or not work as expected.
{Priority=high, sevirity=High, Test=2}
project =CLICD AND summary ~ "null"
Invalid property
Invalid property
]]></system-out>
    <system-err><![CDATA[net.rcarz.jiraclient.JiraException: Failed to create issue
	at net.rcarz.jiraclient.Issue$FluentCreate.executeCreate(Issue.java:125)
	at net.rcarz.jiraclient.Issue$FluentCreate.execute(Issue.java:68)
	at myProject.JiraUtils.createIssue(JiraUtils.java:209)
	at myProject.AsserUtils.assertEquals(AsserUtils.java:18)
	at com.nagarro.test.TestCaseClass.testcase1(TestCaseClass.java:34)
	at sun.reflect.NativeMethodAccessorImpl.invoke0(Native Method)
	at sun.reflect.NativeMethodAccessorImpl.invoke(NativeMethodAccessorImpl.java:62)
	at sun.reflect.DelegatingMethodAccessorImpl.invoke(DelegatingMethodAccessorImpl.java:43)
	at java.lang.reflect.Method.invoke(Method.java:498)
	at org.testng.internal.MethodInvocationHelper.invokeMethod(MethodInvocationHelper.java:124)
	at org.testng.internal.Invoker.invokeMethod(Invoker.java:571)
	at org.testng.internal.Invoker.invokeTestMethod(Invoker.java:707)
	at org.testng.internal.Invoker.invokeTestMethods(Invoker.java:979)
	at org.testng.internal.TestMethodWorker.invokeTestMethods(TestMethodWorker.java:125)
	at org.testng.internal.TestMethodWorker.run(TestMethodWorker.java:109)
	at org.testng.TestRunner.privateRun(TestRunner.java:648)
	at org.testng.TestRunner.run(TestRunner.java:505)
	at org.testng.SuiteRunner.runTest(SuiteRunner.java:455)
	at org.testng.SuiteRunner.runSequentially(SuiteRunner.java:450)
	at org.testng.SuiteRunner.privateRun(SuiteRunner.java:415)
	at org.testng.SuiteRunner.run(SuiteRunner.java:364)
	at org.testng.SuiteRunnerWorker.runSuite(SuiteRunnerWorker.java:52)
	at org.testng.SuiteRunnerWorker.run(SuiteRunnerWorker.java:84)
	at org.testng.TestNG.runSuitesSequentially(TestNG.java:1187)
	at org.testng.TestNG.runSuitesLocally(TestNG.java:1116)
	at org.testng.TestNG.runSuites(TestNG.java:1028)
	at org.testng.TestNG.run(TestNG.java:996)
	at org.apache.maven.surefire.testng.TestNGExecutor.run(TestNGExecutor.java:281)
	at org.apache.maven.surefire.testng.TestNGXmlTestSuite.execute(TestNGXmlTestSuite.java:75)
	at org.apache.maven.surefire.testng.TestNGProvider.invoke(TestNGProvider.java:121)
	at org.apache.maven.surefire.booter.ForkedBooter.invokeProviderInSameClassLoader(ForkedBooter.java:290)
	at org.apache.maven.surefire.booter.ForkedBooter.runSuitesInProcess(ForkedBooter.java:242)
	at org.apache.maven.surefire.booter.ForkedBooter.main(ForkedBooter.java:121)
Caused by: net.rcarz.jiraclient.RestException: 400 : {"errorMessages":[],"errors":{"summary":"You must specify a summary of the issue.","customfield_28740":"Injected Phase is required.","customfield_28741":"Detected Phase is required.","customfield_10023":"Defect Cause is required.","priority":"The priority selected is invalid.","customfield_10015":"Severity is required."}}
	at net.rcarz.jiraclient.RestClient.request(RestClient.java:165)
	at net.rcarz.jiraclient.RestClient.request(RestClient.java:183)
	at net.rcarz.jiraclient.RestClient.request(RestClient.java:228)
	at net.rcarz.jiraclient.RestClient.post(RestClient.java:318)
	at net.rcarz.jiraclient.RestClient.post(RestClient.java:361)
	at net.rcarz.jiraclient.Issue$FluentCreate.executeCreate(Issue.java:123)
	... 32 more
]]></system-err>
  </testcase>
  <testcase name="testcase2" classname="com.nagarro.test.TestCaseClass" time="0"/>
</testsuite>