-------------------------------------------------------------------------------
Test set: TestSuite
-------------------------------------------------------------------------------
Tests run: 2, Failures: 1, Errors: 0, Skipped: 0, Time elapsed: 2.092 sec <<< FAILURE! - in TestSuite
testcase1(com.nagarro.test.TestCaseClass)  Time elapsed: 1.67 sec  <<< FAILURE!
java.lang.AssertionError: expected [23] but found [12]
	at com.nagarro.test.TestCaseClass.testcase1(TestCaseClass.java:34)

