<?xml version="1.0" encoding="UTF-8"?>
<testng-results skipped="0" failed="0" ignored="0" total="2" passed="2">
  <reporter-output>
  </reporter-output>
  <suite name="Default suite" duration-ms="49708" started-at="2019-02-07T11:25:42Z" finished-at="2019-02-07T11:26:32Z">
    <groups>
    </groups>
    <test name="Default test" duration-ms="49708" started-at="2019-02-07T11:25:42Z" finished-at="2019-02-07T11:26:32Z">
      <class name="com.nagarro.test.TestCaseClass">
        <test-method status="PASS" signature="beforeMethod(java.lang.reflect.Method)[pri:0, instance:com.nagarro.test.TestCaseClass@3bb9a3ff]" name="beforeMethod" is-config="true" duration-ms="33359" started-at="2019-02-07T16:55:42Z" finished-at="2019-02-07T16:56:15Z">
          <params>
            <param index="0">
              <value>
                <![CDATA[public void com.nagarro.test.TestCaseClass.testcase1()]]>
              </value>
            </param>
          </params>
          <reporter-output>
          </reporter-output>
        </test-method> <!-- beforeMethod -->
        <test-method status="PASS" signature="testcase1()[pri:0, instance:com.nagarro.test.TestCaseClass@3bb9a3ff]" name="testcase1" duration-ms="6053" started-at="2019-02-07T16:56:15Z" description="Priority:high$$sevirity:High$$Test:2" finished-at="2019-02-07T16:56:21Z">
          <reporter-output>
          </reporter-output>
        </test-method> <!-- testcase1 -->
        <test-method status="PASS" signature="beforeMethod(java.lang.reflect.Method)[pri:0, instance:com.nagarro.test.TestCaseClass@3bb9a3ff]" name="beforeMethod" is-config="true" duration-ms="10115" started-at="2019-02-07T16:56:21Z" finished-at="2019-02-07T16:56:31Z">
          <params>
            <param index="0">
              <value>
                <![CDATA[public void com.nagarro.test.TestCaseClass.testcase2()]]>
              </value>
            </param>
          </params>
          <reporter-output>
          </reporter-output>
        </test-method> <!-- beforeMethod -->
        <test-method status="PASS" signature="testcase2()[pri:0, instance:com.nagarro.test.TestCaseClass@3bb9a3ff]" name="testcase2" duration-ms="142" started-at="2019-02-07T16:56:31Z" description="Priority:high$$sevirity:High$$test:1" finished-at="2019-02-07T16:56:32Z">
          <reporter-output>
          </reporter-output>
        </test-method> <!-- testcase2 -->
      </class> <!-- com.nagarro.test.TestCaseClass -->
    </test> <!-- Default test -->
  </suite> <!-- Default suite -->
</testng-results>
